Arguments: 
  C:\Program Files\nodejs\node.exe C:\Users\Chidera\AppData\Roaming\npm\node_modules\yarn\bin\yarn.js add express

PATH: 
  C:\Users\Chidera\bin;C:\Program Files\Git\mingw64\bin;C:\Program Files\Git\usr\local\bin;C:\Program Files\Git\usr\bin;C:\Program Files\Git\usr\bin;C:\Program Files\Git\mingw64\bin;C:\Program Files\Git\usr\bin;C:\Users\Chidera\bin;C:\Windows\system32;C:\Windows;C:\Windows\System32\Wbem;C:\Windows\System32\WindowsPowerShell\v1.0;C:\Windows\System32\OpenSSH;C:\Program Files\nodejs;C:\Program Files\Git\cmd;C:\Program Files\MongoDB\Server\5.0\bin;C:\Program Files\heroku\bin;C:\mongosh-1.5.0-win32-x64\mongosh-1.5.0-win32-x64\bin;C:\Program Files\MongoDB\Tools\100\bin;C:\Users\Chidera\AppData\Local\Microsoft\WindowsApps;C:\Users\Chidera\AppData\Local\Programs\Microsoft VS Code\bin;C:\Users\Chidera\AppData\Roaming\npm;C:\Program Files\heroku\bin;C:\Program Files\Git\usr\bin\vendor_perl;C:\Program Files\Git\usr\bin\core_perl

Yarn version: 
  1.22.19

Node version: 
  16.15.1

Platform: 
  win32 x64

Trace: 
  Error: getaddrinfo ENOTFOUND registry.yarnpkg.com
      at GetAddrInfoReqWrap.onlookup [as oncomplete] (node:dns:71:26)

npm manifest: 
  {
    "name": "softjovial-frontend",
    "version": "1.0.0",
    "description": "",
    "main": "script.js",
    "scripts": {
      "test": "echo \"Error: no test specified\" && exit 1"
    },
    "repository": {
      "type": "git",
      "url": "git+https://github.com/softcp226/softjovial-frontend.git"
    },
    "keywords": [],
    "author": "",
    "license": "ISC",
    "bugs": {
      "url": "https://github.com/softcp226/softjovial-frontend/issues"
    },
    "homepage": "https://github.com/softcp226/softjovial-frontend#readme"
  }

yarn manifest: 
  No manifest

Lockfile: 
  No lockfile
